<?xml version="1.0" encoding="UTF-8"?>
<Site BuildName="Linux-clang++"
	BuildStamp="20251003-0334-Experimental"
	Name="cyan-debian-server"
	Generator="ctest-3.18.4"
	CompilerName="/usr/bin/clang++"
	CompilerVersion="11.0.1"
	OSName="Linux"
	Hostname="cyan-debian-server"
	OSRelease="5.10.0-35-amd64"
	OSVersion="#1 SMP Debian 5.10.237-1 (2025-05-19)"
	OSPlatform="x86_64"
	Is64Bits="1"
	VendorString="GenuineIntel"
	VendorID="Intel Corporation"
	FamilyID="6"
	ModelID="60"
	ProcessorCacheSize="6144"
	NumberOfLogicalCPU="4"
	NumberOfPhysicalCPU="4"
	TotalVirtualMemory="974"
	TotalPhysicalMemory="11878"
	LogicalProcessorsPerPhysical="1"
	ProcessorClockFrequency="3040.08"
	>
	<Testing>
		<StartDateTime>Oct 03 15:19 CST</StartDateTime>
		<StartTestTime>1759475970</StartTestTime>
		<TestList/>
		<EndDateTime>Oct 03 15:19 CST</EndDateTime>
		<EndTestTime>1759475970</EndTestTime>
		<ElapsedMinutes>0</ElapsedMinutes>
	</Testing>
</Site>
